<?xml version="1.0" encoding="UTF-8"?>
<testng-results skipped="10" failed="1" ignored="0" total="11" passed="0">
  <reporter-output>
  </reporter-output>
  <suite name="Default suite" duration-ms="6006" started-at="2018-05-01T05:54:20Z" finished-at="2018-05-01T05:54:26Z">
    <groups>
      <group name="Quicklook">
        <method signature="ReportsPage.enterEmail(java.lang.String, java.lang.String)[pri:0, instance:Max.Day21tasks.ReportsPage@6574a52c]" name="enterEmail" class="Max.Day21tasks.ReportsPage"/>
        <method signature="ReportsPage.enterPassword(java.lang.String, java.lang.String)[pri:0, instance:Max.Day21tasks.ReportsPage@6574a52c]" name="enterPassword" class="Max.Day21tasks.ReportsPage"/>
        <method signature="ReportsPage.submitLogin(java.lang.String, java.lang.String)[pri:0, instance:Max.Day21tasks.ReportsPage@6574a52c]" name="submitLogin" class="Max.Day21tasks.ReportsPage"/>
        <method signature="ReportsPage.chooseSuspType(java.lang.String, java.lang.String)[pri:0, instance:Max.Day21tasks.ReportsPage@6574a52c]" name="chooseSuspType" class="Max.Day21tasks.ReportsPage"/>
        <method signature="ReportsPage.enterCaseId(java.lang.String, java.lang.String)[pri:0, instance:Max.Day21tasks.ReportsPage@6574a52c]" name="enterCaseId" class="Max.Day21tasks.ReportsPage"/>
        <method signature="ReportsPage.enterContainsText(java.lang.String, java.lang.String)[pri:0, instance:Max.Day21tasks.ReportsPage@6574a52c]" name="enterContainsText" class="Max.Day21tasks.ReportsPage"/>
        <method signature="ReportsPage.enterPubStartDate()[pri:0, instance:Max.Day21tasks.ReportsPage@6574a52c]" name="enterPubStartDate" class="Max.Day21tasks.ReportsPage"/>
        <method signature="ReportsPage.enterSuspFirstName(java.lang.String, java.lang.String)[pri:0, instance:Max.Day21tasks.ReportsPage@6574a52c]" name="enterSuspFirstName" class="Max.Day21tasks.ReportsPage"/>
        <method signature="ReportsPage.enterSuspLastName(java.lang.String, java.lang.String)[pri:0, instance:Max.Day21tasks.ReportsPage@6574a52c]" name="enterSuspLastName" class="Max.Day21tasks.ReportsPage"/>
        <method signature="ReportsPage.clickClearFilter(java.lang.String, java.lang.String, java.lang.String, java.lang.String, java.lang.String, java.lang.String, java.lang.String)[pri:0, instance:Max.Day21tasks.ReportsPage@6574a52c]" name="clickClearFilter" class="Max.Day21tasks.ReportsPage"/>
        <method signature="ReportsPage.togglePubCheckbox(java.lang.String)[pri:0, instance:Max.Day21tasks.ReportsPage@6574a52c]" name="togglePubCheckbox" class="Max.Day21tasks.ReportsPage"/>
      </group> <!-- Quicklook -->
      <group name="Reports">
        <method signature="ReportsPage.chooseSuspType(java.lang.String, java.lang.String)[pri:0, instance:Max.Day21tasks.ReportsPage@6574a52c]" name="chooseSuspType" class="Max.Day21tasks.ReportsPage"/>
        <method signature="ReportsPage.enterCaseId(java.lang.String, java.lang.String)[pri:0, instance:Max.Day21tasks.ReportsPage@6574a52c]" name="enterCaseId" class="Max.Day21tasks.ReportsPage"/>
        <method signature="ReportsPage.enterContainsText(java.lang.String, java.lang.String)[pri:0, instance:Max.Day21tasks.ReportsPage@6574a52c]" name="enterContainsText" class="Max.Day21tasks.ReportsPage"/>
        <method signature="ReportsPage.enterPubStartDate()[pri:0, instance:Max.Day21tasks.ReportsPage@6574a52c]" name="enterPubStartDate" class="Max.Day21tasks.ReportsPage"/>
        <method signature="ReportsPage.enterSuspFirstName(java.lang.String, java.lang.String)[pri:0, instance:Max.Day21tasks.ReportsPage@6574a52c]" name="enterSuspFirstName" class="Max.Day21tasks.ReportsPage"/>
        <method signature="ReportsPage.enterSuspLastName(java.lang.String, java.lang.String)[pri:0, instance:Max.Day21tasks.ReportsPage@6574a52c]" name="enterSuspLastName" class="Max.Day21tasks.ReportsPage"/>
        <method signature="ReportsPage.clickClearFilter(java.lang.String, java.lang.String, java.lang.String, java.lang.String, java.lang.String, java.lang.String, java.lang.String)[pri:0, instance:Max.Day21tasks.ReportsPage@6574a52c]" name="clickClearFilter" class="Max.Day21tasks.ReportsPage"/>
        <method signature="ReportsPage.togglePubCheckbox(java.lang.String)[pri:0, instance:Max.Day21tasks.ReportsPage@6574a52c]" name="togglePubCheckbox" class="Max.Day21tasks.ReportsPage"/>
      </group> <!-- Reports -->
      <group name="Login">
        <method signature="ReportsPage.enterEmail(java.lang.String, java.lang.String)[pri:0, instance:Max.Day21tasks.ReportsPage@6574a52c]" name="enterEmail" class="Max.Day21tasks.ReportsPage"/>
        <method signature="ReportsPage.enterPassword(java.lang.String, java.lang.String)[pri:0, instance:Max.Day21tasks.ReportsPage@6574a52c]" name="enterPassword" class="Max.Day21tasks.ReportsPage"/>
        <method signature="ReportsPage.submitLogin(java.lang.String, java.lang.String)[pri:0, instance:Max.Day21tasks.ReportsPage@6574a52c]" name="submitLogin" class="Max.Day21tasks.ReportsPage"/>
      </group> <!-- Login -->
    </groups>
    <test name="Default test" duration-ms="6006" started-at="2018-05-01T05:54:20Z" finished-at="2018-05-01T05:54:26Z">
      <class name="Max.Day21tasks.ReportsPage">
        <test-method status="PASS" signature="setUp()[pri:0, instance:Max.Day21tasks.ReportsPage@6574a52c]" name="setUp" is-config="true" duration-ms="5857" started-at="2018-05-01T05:54:20Z" finished-at="2018-05-01T05:54:26Z">
          <reporter-output>
          </reporter-output>
        </test-method> <!-- setUp -->
        <test-method status="FAIL" signature="enterEmail(java.lang.String, java.lang.String)[pri:0, instance:Max.Day21tasks.ReportsPage@6574a52c]" name="enterEmail" duration-ms="105" started-at="2018-05-01T05:54:26Z" description="Enter email address" data-provider="email" finished-at="2018-05-01T05:54:26Z">
          <params>
            <param index="0">
              <value>
                <![CDATA[max8987@gmail.com]]>
              </value>
            </param>
            <param index="1">
              <value>
                <![CDATA[.//*[@id='exampleInputEmail1']]]>
              </value>
            </param>
          </params>
          <exception class="java.lang.AssertionError">
            <message>
              <![CDATA[Failed to enter email. expected [] but found [max8987@gmail.com]]]>
            </message>
            <full-stacktrace>
              <![CDATA[java.lang.AssertionError: Failed to enter email. expected [] but found [max8987@gmail.com]
at org.testng.Assert.fail(Assert.java:96)
at org.testng.Assert.failNotEquals(Assert.java:776)
at org.testng.Assert.assertEqualsImpl(Assert.java:137)
at org.testng.Assert.assertEquals(Assert.java:118)
at org.testng.Assert.assertEquals(Assert.java:453)
at Max.Day21tasks.ReportsPage.enterEmail(ReportsPage.java:36)
at sun.reflect.NativeMethodAccessorImpl.invoke0(Native Method)
at sun.reflect.NativeMethodAccessorImpl.invoke(NativeMethodAccessorImpl.java:62)
at sun.reflect.DelegatingMethodAccessorImpl.invoke(DelegatingMethodAccessorImpl.java:43)
at java.lang.reflect.Method.invoke(Method.java:498)
at org.testng.internal.MethodInvocationHelper.invokeMethod(MethodInvocationHelper.java:124)
at org.testng.internal.Invoker.invokeMethod(Invoker.java:580)
at org.testng.internal.Invoker.invokeTestMethod(Invoker.java:716)
at org.testng.internal.Invoker.invokeTestMethods(Invoker.java:988)
at org.testng.internal.TestMethodWorker.invokeTestMethods(TestMethodWorker.java:125)
at org.testng.internal.TestMethodWorker.run(TestMethodWorker.java:109)
at org.testng.TestRunner.privateRun(TestRunner.java:648)
at org.testng.TestRunner.run(TestRunner.java:505)
at org.testng.SuiteRunner.runTest(SuiteRunner.java:455)
at org.testng.SuiteRunner.runSequentially(SuiteRunner.java:450)
at org.testng.SuiteRunner.privateRun(SuiteRunner.java:415)
at org.testng.SuiteRunner.run(SuiteRunner.java:364)
at org.testng.SuiteRunnerWorker.runSuite(SuiteRunnerWorker.java:52)
at org.testng.SuiteRunnerWorker.run(SuiteRunnerWorker.java:84)
at org.testng.TestNG.runSuitesSequentially(TestNG.java:1208)
at org.testng.TestNG.runSuitesLocally(TestNG.java:1137)
at org.testng.TestNG.runSuites(TestNG.java:1049)
at org.testng.TestNG.run(TestNG.java:1017)
at org.testng.remote.AbstractRemoteTestNG.run(AbstractRemoteTestNG.java:114)
at org.testng.remote.RemoteTestNG.initAndRun(RemoteTestNG.java:251)
at org.testng.remote.RemoteTestNG.main(RemoteTestNG.java:77)
]]>
            </full-stacktrace>
          </exception> <!-- java.lang.AssertionError -->
          <reporter-output>
          </reporter-output>
        </test-method> <!-- enterEmail -->
        <test-method status="SKIP" signature="enterPassword(java.lang.String, java.lang.String)[pri:0, instance:Max.Day21tasks.ReportsPage@6574a52c]" name="enterPassword" duration-ms="0" started-at="2018-05-01T05:54:26Z" data-provider="password" depends-on-methods="Max.Day21tasks.ReportsPage.enterEmail" finished-at="2018-05-01T05:54:26Z">
          <exception class="java.lang.Throwable">
            <message>
              <![CDATA[Method ReportsPage.enterPassword(java.lang.String, java.lang.String)[pri:0, instance:Max.Day21tasks.ReportsPage@6574a52c] depends on not successfully finished methods]]>
            </message>
            <full-stacktrace>
              <![CDATA[java.lang.Throwable: Method ReportsPage.enterPassword(java.lang.String, java.lang.String)[pri:0, instance:Max.Day21tasks.ReportsPage@6574a52c] depends on not successfully finished methods
at org.testng.internal.Invoker.invokeTestMethods(Invoker.java:887)
at org.testng.internal.TestMethodWorker.invokeTestMethods(TestMethodWorker.java:125)
at org.testng.internal.TestMethodWorker.run(TestMethodWorker.java:109)
at org.testng.TestRunner.privateRun(TestRunner.java:648)
at org.testng.TestRunner.run(TestRunner.java:505)
at org.testng.SuiteRunner.runTest(SuiteRunner.java:455)
at org.testng.SuiteRunner.runSequentially(SuiteRunner.java:450)
at org.testng.SuiteRunner.privateRun(SuiteRunner.java:415)
at org.testng.SuiteRunner.run(SuiteRunner.java:364)
at org.testng.SuiteRunnerWorker.runSuite(SuiteRunnerWorker.java:52)
at org.testng.SuiteRunnerWorker.run(SuiteRunnerWorker.java:84)
at org.testng.TestNG.runSuitesSequentially(TestNG.java:1208)
at org.testng.TestNG.runSuitesLocally(TestNG.java:1137)
at org.testng.TestNG.runSuites(TestNG.java:1049)
at org.testng.TestNG.run(TestNG.java:1017)
at org.testng.remote.AbstractRemoteTestNG.run(AbstractRemoteTestNG.java:114)
at org.testng.remote.RemoteTestNG.initAndRun(RemoteTestNG.java:251)
at org.testng.remote.RemoteTestNG.main(RemoteTestNG.java:77)
]]>
            </full-stacktrace>
          </exception> <!-- java.lang.Throwable -->
          <reporter-output>
          </reporter-output>
        </test-method> <!-- enterPassword -->
        <test-method status="SKIP" signature="submitLogin(java.lang.String, java.lang.String)[pri:0, instance:Max.Day21tasks.ReportsPage@6574a52c]" name="submitLogin" duration-ms="0" started-at="2018-05-01T05:54:26Z" data-provider="submit" depends-on-methods="Max.Day21tasks.ReportsPage.enterEmail, Max.Day21tasks.ReportsPage.enterPassword" finished-at="2018-05-01T05:54:26Z">
          <exception class="java.lang.Throwable">
            <message>
              <![CDATA[Method ReportsPage.submitLogin(java.lang.String, java.lang.String)[pri:0, instance:Max.Day21tasks.ReportsPage@6574a52c] depends on not successfully finished methods]]>
            </message>
            <full-stacktrace>
              <![CDATA[java.lang.Throwable: Method ReportsPage.submitLogin(java.lang.String, java.lang.String)[pri:0, instance:Max.Day21tasks.ReportsPage@6574a52c] depends on not successfully finished methods
at org.testng.internal.Invoker.invokeTestMethods(Invoker.java:887)
at org.testng.internal.TestMethodWorker.invokeTestMethods(TestMethodWorker.java:125)
at org.testng.internal.TestMethodWorker.run(TestMethodWorker.java:109)
at org.testng.TestRunner.privateRun(TestRunner.java:648)
at org.testng.TestRunner.run(TestRunner.java:505)
at org.testng.SuiteRunner.runTest(SuiteRunner.java:455)
at org.testng.SuiteRunner.runSequentially(SuiteRunner.java:450)
at org.testng.SuiteRunner.privateRun(SuiteRunner.java:415)
at org.testng.SuiteRunner.run(SuiteRunner.java:364)
at org.testng.SuiteRunnerWorker.runSuite(SuiteRunnerWorker.java:52)
at org.testng.SuiteRunnerWorker.run(SuiteRunnerWorker.java:84)
at org.testng.TestNG.runSuitesSequentially(TestNG.java:1208)
at org.testng.TestNG.runSuitesLocally(TestNG.java:1137)
at org.testng.TestNG.runSuites(TestNG.java:1049)
at org.testng.TestNG.run(TestNG.java:1017)
at org.testng.remote.AbstractRemoteTestNG.run(AbstractRemoteTestNG.java:114)
at org.testng.remote.RemoteTestNG.initAndRun(RemoteTestNG.java:251)
at org.testng.remote.RemoteTestNG.main(RemoteTestNG.java:77)
]]>
            </full-stacktrace>
          </exception> <!-- java.lang.Throwable -->
          <reporter-output>
          </reporter-output>
        </test-method> <!-- submitLogin -->
        <test-method status="SKIP" signature="chooseSuspType(java.lang.String, java.lang.String)[pri:0, instance:Max.Day21tasks.ReportsPage@6574a52c]" name="chooseSuspType" duration-ms="0" started-at="2018-05-01T05:54:26Z" data-provider="suspType" depends-on-methods="Max.Day21tasks.ReportsPage.submitLogin" finished-at="2018-05-01T05:54:26Z">
          <exception class="java.lang.Throwable">
            <message>
              <![CDATA[Method ReportsPage.chooseSuspType(java.lang.String, java.lang.String)[pri:0, instance:Max.Day21tasks.ReportsPage@6574a52c] depends on not successfully finished methods]]>
            </message>
            <full-stacktrace>
              <![CDATA[java.lang.Throwable: Method ReportsPage.chooseSuspType(java.lang.String, java.lang.String)[pri:0, instance:Max.Day21tasks.ReportsPage@6574a52c] depends on not successfully finished methods
at org.testng.internal.Invoker.invokeTestMethods(Invoker.java:887)
at org.testng.internal.TestMethodWorker.invokeTestMethods(TestMethodWorker.java:125)
at org.testng.internal.TestMethodWorker.run(TestMethodWorker.java:109)
at org.testng.TestRunner.privateRun(TestRunner.java:648)
at org.testng.TestRunner.run(TestRunner.java:505)
at org.testng.SuiteRunner.runTest(SuiteRunner.java:455)
at org.testng.SuiteRunner.runSequentially(SuiteRunner.java:450)
at org.testng.SuiteRunner.privateRun(SuiteRunner.java:415)
at org.testng.SuiteRunner.run(SuiteRunner.java:364)
at org.testng.SuiteRunnerWorker.runSuite(SuiteRunnerWorker.java:52)
at org.testng.SuiteRunnerWorker.run(SuiteRunnerWorker.java:84)
at org.testng.TestNG.runSuitesSequentially(TestNG.java:1208)
at org.testng.TestNG.runSuitesLocally(TestNG.java:1137)
at org.testng.TestNG.runSuites(TestNG.java:1049)
at org.testng.TestNG.run(TestNG.java:1017)
at org.testng.remote.AbstractRemoteTestNG.run(AbstractRemoteTestNG.java:114)
at org.testng.remote.RemoteTestNG.initAndRun(RemoteTestNG.java:251)
at org.testng.remote.RemoteTestNG.main(RemoteTestNG.java:77)
]]>
            </full-stacktrace>
          </exception> <!-- java.lang.Throwable -->
          <reporter-output>
          </reporter-output>
        </test-method> <!-- chooseSuspType -->
        <test-method status="SKIP" signature="enterCaseId(java.lang.String, java.lang.String)[pri:0, instance:Max.Day21tasks.ReportsPage@6574a52c]" name="enterCaseId" duration-ms="0" started-at="2018-05-01T05:54:26Z" data-provider="caseId" depends-on-methods="Max.Day21tasks.ReportsPage.submitLogin" finished-at="2018-05-01T05:54:26Z">
          <exception class="java.lang.Throwable">
            <message>
              <![CDATA[Method ReportsPage.enterCaseId(java.lang.String, java.lang.String)[pri:0, instance:Max.Day21tasks.ReportsPage@6574a52c] depends on not successfully finished methods]]>
            </message>
            <full-stacktrace>
              <![CDATA[java.lang.Throwable: Method ReportsPage.enterCaseId(java.lang.String, java.lang.String)[pri:0, instance:Max.Day21tasks.ReportsPage@6574a52c] depends on not successfully finished methods
at org.testng.internal.Invoker.invokeTestMethods(Invoker.java:887)
at org.testng.internal.TestMethodWorker.invokeTestMethods(TestMethodWorker.java:125)
at org.testng.internal.TestMethodWorker.run(TestMethodWorker.java:109)
at org.testng.TestRunner.privateRun(TestRunner.java:648)
at org.testng.TestRunner.run(TestRunner.java:505)
at org.testng.SuiteRunner.runTest(SuiteRunner.java:455)
at org.testng.SuiteRunner.runSequentially(SuiteRunner.java:450)
at org.testng.SuiteRunner.privateRun(SuiteRunner.java:415)
at org.testng.SuiteRunner.run(SuiteRunner.java:364)
at org.testng.SuiteRunnerWorker.runSuite(SuiteRunnerWorker.java:52)
at org.testng.SuiteRunnerWorker.run(SuiteRunnerWorker.java:84)
at org.testng.TestNG.runSuitesSequentially(TestNG.java:1208)
at org.testng.TestNG.runSuitesLocally(TestNG.java:1137)
at org.testng.TestNG.runSuites(TestNG.java:1049)
at org.testng.TestNG.run(TestNG.java:1017)
at org.testng.remote.AbstractRemoteTestNG.run(AbstractRemoteTestNG.java:114)
at org.testng.remote.RemoteTestNG.initAndRun(RemoteTestNG.java:251)
at org.testng.remote.RemoteTestNG.main(RemoteTestNG.java:77)
]]>
            </full-stacktrace>
          </exception> <!-- java.lang.Throwable -->
          <reporter-output>
          </reporter-output>
        </test-method> <!-- enterCaseId -->
        <test-method status="SKIP" signature="enterContainsText(java.lang.String, java.lang.String)[pri:0, instance:Max.Day21tasks.ReportsPage@6574a52c]" name="enterContainsText" duration-ms="0" started-at="2018-05-01T05:54:26Z" data-provider="contains" depends-on-methods="Max.Day21tasks.ReportsPage.submitLogin" finished-at="2018-05-01T05:54:26Z">
          <exception class="java.lang.Throwable">
            <message>
              <![CDATA[Method ReportsPage.enterContainsText(java.lang.String, java.lang.String)[pri:0, instance:Max.Day21tasks.ReportsPage@6574a52c] depends on not successfully finished methods]]>
            </message>
            <full-stacktrace>
              <![CDATA[java.lang.Throwable: Method ReportsPage.enterContainsText(java.lang.String, java.lang.String)[pri:0, instance:Max.Day21tasks.ReportsPage@6574a52c] depends on not successfully finished methods
at org.testng.internal.Invoker.invokeTestMethods(Invoker.java:887)
at org.testng.internal.TestMethodWorker.invokeTestMethods(TestMethodWorker.java:125)
at org.testng.internal.TestMethodWorker.run(TestMethodWorker.java:109)
at org.testng.TestRunner.privateRun(TestRunner.java:648)
at org.testng.TestRunner.run(TestRunner.java:505)
at org.testng.SuiteRunner.runTest(SuiteRunner.java:455)
at org.testng.SuiteRunner.runSequentially(SuiteRunner.java:450)
at org.testng.SuiteRunner.privateRun(SuiteRunner.java:415)
at org.testng.SuiteRunner.run(SuiteRunner.java:364)
at org.testng.SuiteRunnerWorker.runSuite(SuiteRunnerWorker.java:52)
at org.testng.SuiteRunnerWorker.run(SuiteRunnerWorker.java:84)
at org.testng.TestNG.runSuitesSequentially(TestNG.java:1208)
at org.testng.TestNG.runSuitesLocally(TestNG.java:1137)
at org.testng.TestNG.runSuites(TestNG.java:1049)
at org.testng.TestNG.run(TestNG.java:1017)
at org.testng.remote.AbstractRemoteTestNG.run(AbstractRemoteTestNG.java:114)
at org.testng.remote.RemoteTestNG.initAndRun(RemoteTestNG.java:251)
at org.testng.remote.RemoteTestNG.main(RemoteTestNG.java:77)
]]>
            </full-stacktrace>
          </exception> <!-- java.lang.Throwable -->
          <reporter-output>
          </reporter-output>
        </test-method> <!-- enterContainsText -->
        <test-method status="SKIP" signature="enterPubStartDate()[pri:0, instance:Max.Day21tasks.ReportsPage@6574a52c]" name="enterPubStartDate" duration-ms="0" started-at="2018-05-01T05:54:26Z" depends-on-methods="Max.Day21tasks.ReportsPage.submitLogin" finished-at="2018-05-01T05:54:26Z">
          <exception class="java.lang.Throwable">
            <message>
              <![CDATA[Method ReportsPage.enterPubStartDate()[pri:0, instance:Max.Day21tasks.ReportsPage@6574a52c] depends on not successfully finished methods]]>
            </message>
            <full-stacktrace>
              <![CDATA[java.lang.Throwable: Method ReportsPage.enterPubStartDate()[pri:0, instance:Max.Day21tasks.ReportsPage@6574a52c] depends on not successfully finished methods
at org.testng.internal.Invoker.invokeTestMethods(Invoker.java:887)
at org.testng.internal.TestMethodWorker.invokeTestMethods(TestMethodWorker.java:125)
at org.testng.internal.TestMethodWorker.run(TestMethodWorker.java:109)
at org.testng.TestRunner.privateRun(TestRunner.java:648)
at org.testng.TestRunner.run(TestRunner.java:505)
at org.testng.SuiteRunner.runTest(SuiteRunner.java:455)
at org.testng.SuiteRunner.runSequentially(SuiteRunner.java:450)
at org.testng.SuiteRunner.privateRun(SuiteRunner.java:415)
at org.testng.SuiteRunner.run(SuiteRunner.java:364)
at org.testng.SuiteRunnerWorker.runSuite(SuiteRunnerWorker.java:52)
at org.testng.SuiteRunnerWorker.run(SuiteRunnerWorker.java:84)
at org.testng.TestNG.runSuitesSequentially(TestNG.java:1208)
at org.testng.TestNG.runSuitesLocally(TestNG.java:1137)
at org.testng.TestNG.runSuites(TestNG.java:1049)
at org.testng.TestNG.run(TestNG.java:1017)
at org.testng.remote.AbstractRemoteTestNG.run(AbstractRemoteTestNG.java:114)
at org.testng.remote.RemoteTestNG.initAndRun(RemoteTestNG.java:251)
at org.testng.remote.RemoteTestNG.main(RemoteTestNG.java:77)
]]>
            </full-stacktrace>
          </exception> <!-- java.lang.Throwable -->
          <reporter-output>
          </reporter-output>
        </test-method> <!-- enterPubStartDate -->
        <test-method status="SKIP" signature="enterSuspFirstName(java.lang.String, java.lang.String)[pri:0, instance:Max.Day21tasks.ReportsPage@6574a52c]" name="enterSuspFirstName" duration-ms="0" started-at="2018-05-01T05:54:26Z" data-provider="suspFirstName" depends-on-methods="Max.Day21tasks.ReportsPage.submitLogin" finished-at="2018-05-01T05:54:26Z">
          <exception class="java.lang.Throwable">
            <message>
              <![CDATA[Method ReportsPage.enterSuspFirstName(java.lang.String, java.lang.String)[pri:0, instance:Max.Day21tasks.ReportsPage@6574a52c] depends on not successfully finished methods]]>
            </message>
            <full-stacktrace>
              <![CDATA[java.lang.Throwable: Method ReportsPage.enterSuspFirstName(java.lang.String, java.lang.String)[pri:0, instance:Max.Day21tasks.ReportsPage@6574a52c] depends on not successfully finished methods
at org.testng.internal.Invoker.invokeTestMethods(Invoker.java:887)
at org.testng.internal.TestMethodWorker.invokeTestMethods(TestMethodWorker.java:125)
at org.testng.internal.TestMethodWorker.run(TestMethodWorker.java:109)
at org.testng.TestRunner.privateRun(TestRunner.java:648)
at org.testng.TestRunner.run(TestRunner.java:505)
at org.testng.SuiteRunner.runTest(SuiteRunner.java:455)
at org.testng.SuiteRunner.runSequentially(SuiteRunner.java:450)
at org.testng.SuiteRunner.privateRun(SuiteRunner.java:415)
at org.testng.SuiteRunner.run(SuiteRunner.java:364)
at org.testng.SuiteRunnerWorker.runSuite(SuiteRunnerWorker.java:52)
at org.testng.SuiteRunnerWorker.run(SuiteRunnerWorker.java:84)
at org.testng.TestNG.runSuitesSequentially(TestNG.java:1208)
at org.testng.TestNG.runSuitesLocally(TestNG.java:1137)
at org.testng.TestNG.runSuites(TestNG.java:1049)
at org.testng.TestNG.run(TestNG.java:1017)
at org.testng.remote.AbstractRemoteTestNG.run(AbstractRemoteTestNG.java:114)
at org.testng.remote.RemoteTestNG.initAndRun(RemoteTestNG.java:251)
at org.testng.remote.RemoteTestNG.main(RemoteTestNG.java:77)
]]>
            </full-stacktrace>
          </exception> <!-- java.lang.Throwable -->
          <reporter-output>
          </reporter-output>
        </test-method> <!-- enterSuspFirstName -->
        <test-method status="SKIP" signature="enterSuspLastName(java.lang.String, java.lang.String)[pri:0, instance:Max.Day21tasks.ReportsPage@6574a52c]" name="enterSuspLastName" duration-ms="0" started-at="2018-05-01T05:54:26Z" data-provider="suspLastName" depends-on-methods="Max.Day21tasks.ReportsPage.submitLogin" finished-at="2018-05-01T05:54:26Z">
          <exception class="java.lang.Throwable">
            <message>
              <![CDATA[Method ReportsPage.enterSuspLastName(java.lang.String, java.lang.String)[pri:0, instance:Max.Day21tasks.ReportsPage@6574a52c] depends on not successfully finished methods]]>
            </message>
            <full-stacktrace>
              <![CDATA[java.lang.Throwable: Method ReportsPage.enterSuspLastName(java.lang.String, java.lang.String)[pri:0, instance:Max.Day21tasks.ReportsPage@6574a52c] depends on not successfully finished methods
at org.testng.internal.Invoker.invokeTestMethods(Invoker.java:887)
at org.testng.internal.TestMethodWorker.invokeTestMethods(TestMethodWorker.java:125)
at org.testng.internal.TestMethodWorker.run(TestMethodWorker.java:109)
at org.testng.TestRunner.privateRun(TestRunner.java:648)
at org.testng.TestRunner.run(TestRunner.java:505)
at org.testng.SuiteRunner.runTest(SuiteRunner.java:455)
at org.testng.SuiteRunner.runSequentially(SuiteRunner.java:450)
at org.testng.SuiteRunner.privateRun(SuiteRunner.java:415)
at org.testng.SuiteRunner.run(SuiteRunner.java:364)
at org.testng.SuiteRunnerWorker.runSuite(SuiteRunnerWorker.java:52)
at org.testng.SuiteRunnerWorker.run(SuiteRunnerWorker.java:84)
at org.testng.TestNG.runSuitesSequentially(TestNG.java:1208)
at org.testng.TestNG.runSuitesLocally(TestNG.java:1137)
at org.testng.TestNG.runSuites(TestNG.java:1049)
at org.testng.TestNG.run(TestNG.java:1017)
at org.testng.remote.AbstractRemoteTestNG.run(AbstractRemoteTestNG.java:114)
at org.testng.remote.RemoteTestNG.initAndRun(RemoteTestNG.java:251)
at org.testng.remote.RemoteTestNG.main(RemoteTestNG.java:77)
]]>
            </full-stacktrace>
          </exception> <!-- java.lang.Throwable -->
          <reporter-output>
          </reporter-output>
        </test-method> <!-- enterSuspLastName -->
        <test-method status="SKIP" signature="togglePubCheckbox(java.lang.String)[pri:0, instance:Max.Day21tasks.ReportsPage@6574a52c]" name="togglePubCheckbox" duration-ms="0" started-at="2018-05-01T05:54:26Z" data-provider="pubCheckbox" depends-on-methods="Max.Day21tasks.ReportsPage.submitLogin" finished-at="2018-05-01T05:54:26Z">
          <exception class="java.lang.Throwable">
            <message>
              <![CDATA[Method ReportsPage.togglePubCheckbox(java.lang.String)[pri:0, instance:Max.Day21tasks.ReportsPage@6574a52c] depends on not successfully finished methods]]>
            </message>
            <full-stacktrace>
              <![CDATA[java.lang.Throwable: Method ReportsPage.togglePubCheckbox(java.lang.String)[pri:0, instance:Max.Day21tasks.ReportsPage@6574a52c] depends on not successfully finished methods
at org.testng.internal.Invoker.invokeTestMethods(Invoker.java:887)
at org.testng.internal.TestMethodWorker.invokeTestMethods(TestMethodWorker.java:125)
at org.testng.internal.TestMethodWorker.run(TestMethodWorker.java:109)
at org.testng.TestRunner.privateRun(TestRunner.java:648)
at org.testng.TestRunner.run(TestRunner.java:505)
at org.testng.SuiteRunner.runTest(SuiteRunner.java:455)
at org.testng.SuiteRunner.runSequentially(SuiteRunner.java:450)
at org.testng.SuiteRunner.privateRun(SuiteRunner.java:415)
at org.testng.SuiteRunner.run(SuiteRunner.java:364)
at org.testng.SuiteRunnerWorker.runSuite(SuiteRunnerWorker.java:52)
at org.testng.SuiteRunnerWorker.run(SuiteRunnerWorker.java:84)
at org.testng.TestNG.runSuitesSequentially(TestNG.java:1208)
at org.testng.TestNG.runSuitesLocally(TestNG.java:1137)
at org.testng.TestNG.runSuites(TestNG.java:1049)
at org.testng.TestNG.run(TestNG.java:1017)
at org.testng.remote.AbstractRemoteTestNG.run(AbstractRemoteTestNG.java:114)
at org.testng.remote.RemoteTestNG.initAndRun(RemoteTestNG.java:251)
at org.testng.remote.RemoteTestNG.main(RemoteTestNG.java:77)
]]>
            </full-stacktrace>
          </exception> <!-- java.lang.Throwable -->
          <reporter-output>
          </reporter-output>
        </test-method> <!-- togglePubCheckbox -->
        <test-method status="SKIP" signature="clickClearFilter(java.lang.String, java.lang.String, java.lang.String, java.lang.String, java.lang.String, java.lang.String, java.lang.String)[pri:0, instance:Max.Day21tasks.ReportsPage@6574a52c]" name="clickClearFilter" duration-ms="0" started-at="2018-05-01T05:54:26Z" data-provider="clearFilters" depends-on-methods="Max.Day21tasks.ReportsPage.submitLogin, Max.Day21tasks.ReportsPage.enterSuspLastName" finished-at="2018-05-01T05:54:26Z">
          <exception class="java.lang.Throwable">
            <message>
              <![CDATA[Method ReportsPage.clickClearFilter(java.lang.String, java.lang.String, java.lang.String, java.lang.String, java.lang.String, java.lang.String, java.lang.String)[pri:0, instance:Max.Day21tasks.ReportsPage@6574a52c] depends on not successfully finished methods]]>
            </message>
            <full-stacktrace>
              <![CDATA[java.lang.Throwable: Method ReportsPage.clickClearFilter(java.lang.String, java.lang.String, java.lang.String, java.lang.String, java.lang.String, java.lang.String, java.lang.String)[pri:0, instance:Max.Day21tasks.ReportsPage@6574a52c] depends on not successfully finished methods
at org.testng.internal.Invoker.invokeTestMethods(Invoker.java:887)
at org.testng.internal.TestMethodWorker.invokeTestMethods(TestMethodWorker.java:125)
at org.testng.internal.TestMethodWorker.run(TestMethodWorker.java:109)
at org.testng.TestRunner.privateRun(TestRunner.java:648)
at org.testng.TestRunner.run(TestRunner.java:505)
at org.testng.SuiteRunner.runTest(SuiteRunner.java:455)
at org.testng.SuiteRunner.runSequentially(SuiteRunner.java:450)
at org.testng.SuiteRunner.privateRun(SuiteRunner.java:415)
at org.testng.SuiteRunner.run(SuiteRunner.java:364)
at org.testng.SuiteRunnerWorker.runSuite(SuiteRunnerWorker.java:52)
at org.testng.SuiteRunnerWorker.run(SuiteRunnerWorker.java:84)
at org.testng.TestNG.runSuitesSequentially(TestNG.java:1208)
at org.testng.TestNG.runSuitesLocally(TestNG.java:1137)
at org.testng.TestNG.runSuites(TestNG.java:1049)
at org.testng.TestNG.run(TestNG.java:1017)
at org.testng.remote.AbstractRemoteTestNG.run(AbstractRemoteTestNG.java:114)
at org.testng.remote.RemoteTestNG.initAndRun(RemoteTestNG.java:251)
at org.testng.remote.RemoteTestNG.main(RemoteTestNG.java:77)
]]>
            </full-stacktrace>
          </exception> <!-- java.lang.Throwable -->
          <reporter-output>
          </reporter-output>
        </test-method> <!-- clickClearFilter -->
      </class> <!-- Max.Day21tasks.ReportsPage -->
    </test> <!-- Default test -->
  </suite> <!-- Default suite -->
</testng-results>
